<?xml version="1.0" encoding="UTF-8"?>
<!-- Generated by org.testng.reporters.JUnitReportReporter -->
<testsuite hostname="DESKTOP-6F1KN2E" failures="0" tests="1" name="TestCase.Hardcore" time="34.984" errors="0" timestamp="2022-08-26T13:43:20 EEST" skipped="0">
  <testcase classname="TestCase.Hardcore" name="hardcore" time="34.984"/>
  <system-out/>
</testsuite> <!-- TestCase.Hardcore -->
