<?xml version="1.0" encoding="UTF-8"?>
<!-- Generated by org.testng.reporters.JUnitReportReporter -->
<testsuite hostname="DESKTOP-6F1KN2E" failures="0" tests="1" name="TestCase.Hardcore" time="47.302" errors="0" timestamp="2022-08-27T13:24:51 EEST" skipped="0">
  <testcase classname="TestCase.Hardcore" name="hardcore" time="47.302"/>
  <system-out/>
</testsuite> <!-- TestCase.Hardcore -->
